Using pre-set license
Built from '2020.3/staging' branch; Version is '2020.3.18f1 (a7d1c678663c) revision 10998214'; Using compiler version '192528614'; Build Type 'Release'
OS: 'Windows 10 Enterprise; OS build 18363.2274; Version 1909; 64bit' Language: 'es' Physical Memory: 32565 MB
BatchMode: 1, IsHumanControllingUs: 0, StartBugReporterOnCrash: 0, Is64bit: 1, IsPro: 0

COMMAND LINE ARGUMENTS:
C:\Program Files\Unity\Hub\Editor\2020.3.18f1\Editor\Unity.exe
-adb2
-batchMode
-noUpm
-name
AssetImportWorker0
-projectPath
D:/Felipe Bedoya/Nubes
-logFile
Logs/AssetImportWorker0.log
-srvPort
53156
Successfully changed project path to: D:/Felipe Bedoya/Nubes
D:/Felipe Bedoya/Nubes
Using Asset Import Pipeline V2.
Refreshing native plugins compatible for Editor in 44.72 ms, found 3 plugins.
Preloading 0 native plugins for Editor in 0.00 ms.
Initialize engine version: 2020.3.18f1 (a7d1c678663c)
[Subsystems] Discovering subsystems at path C:/Program Files/Unity/Hub/Editor/2020.3.18f1/Editor/Data/Resources/UnitySubsystems
[Subsystems] Discovering subsystems at path D:/Felipe Bedoya/Nubes/Assets
GfxDevice: creating device client; threaded=0
Direct3D:
    Version:  Direct3D 11.0 [level 11.1]
    Renderer: Intel(R) UHD Graphics 630 (ID=0x3e98)
    Vendor:   
    VRAM:     16282 MB
    Driver:   27.20.100.8190
Initialize mono
Mono path[0] = 'C:/Program Files/Unity/Hub/Editor/2020.3.18f1/Editor/Data/Managed'
Mono path[1] = 'C:/Program Files/Unity/Hub/Editor/2020.3.18f1/Editor/Data/MonoBleedingEdge/lib/mono/unityjit'
Mono config path = 'C:/Program Files/Unity/Hub/Editor/2020.3.18f1/Editor/Data/MonoBleedingEdge/etc'
Using monoOptions --debugger-agent=transport=dt_socket,embedding=1,server=y,suspend=n,address=127.0.0.1:56596
Begin MonoManager ReloadAssembly
Registering precompiled unity dll's ...
Register platform support module: C:/Program Files/Unity/Hub/Editor/2020.3.18f1/Editor/Data/PlaybackEngines/WindowsStandaloneSupport/UnityEditor.WindowsStandalone.Extensions.dll
Registered in 0.004554 seconds.
Native extension for WindowsStandalone target not found
Refreshing native plugins compatible for Editor in 33.17 ms, found 3 plugins.
Preloading 0 native plugins for Editor in 0.00 ms.
Mono: successfully reloaded assembly
- Completed reload, in  2.976 seconds
Domain Reload Profiling:
	ReloadAssembly (2976ms)
		BeginReloadAssembly (260ms)
			ExecutionOrderSort (0ms)
			DisableScriptedObjects (0ms)
			BackupInstance (0ms)
			ReleaseScriptingObjects (0ms)
			CreateAndSetChildDomain (1ms)
		EndReloadAssembly (361ms)
			LoadAssemblies (258ms)
			RebuildTransferFunctionScriptingTraits (0ms)
			SetupTypeCache (140ms)
			ReleaseScriptCaches (0ms)
			RebuildScriptCaches (25ms)
			SetupLoadedEditorAssemblies (134ms)
				LogAssemblyErrors (0ms)
				InitializePlatformSupportModulesInManaged (3ms)
				SetLoadedEditorAssemblies (0ms)
				RefreshPlugins (33ms)
				BeforeProcessingInitializeOnLoad (14ms)
				ProcessInitializeOnLoadAttributes (60ms)
				ProcessInitializeOnLoadMethodAttributes (23ms)
				AfterProcessingInitializeOnLoad (0ms)
				EditorAssembliesLoaded (0ms)
			ExecutionOrderSort2 (0ms)
			AwakeInstancesAfterBackupRestoration (0ms)
Platform modules already initialized, skipping
Registering precompiled user dll's ...
Registered in 0.006083 seconds.
Begin MonoManager ReloadAssembly
Native extension for WindowsStandalone target not found
Refreshing native plugins compatible for Editor in 32.85 ms, found 3 plugins.
Preloading 0 native plugins for Editor in 0.00 ms.
Mono: successfully reloaded assembly
- Completed reload, in  1.199 seconds
Domain Reload Profiling:
	ReloadAssembly (1200ms)
		BeginReloadAssembly (330ms)
			ExecutionOrderSort (0ms)
			DisableScriptedObjects (4ms)
			BackupInstance (0ms)
			ReleaseScriptingObjects (0ms)
			CreateAndSetChildDomain (15ms)
		EndReloadAssembly (816ms)
			LoadAssemblies (300ms)
			RebuildTransferFunctionScriptingTraits (0ms)
			SetupTypeCache (287ms)
			ReleaseScriptCaches (0ms)
			RebuildScriptCaches (39ms)
			SetupLoadedEditorAssemblies (294ms)
				LogAssemblyErrors (0ms)
				InitializePlatformSupportModulesInManaged (3ms)
				SetLoadedEditorAssemblies (0ms)
				RefreshPlugins (33ms)
				BeforeProcessingInitializeOnLoad (64ms)
				ProcessInitializeOnLoadAttributes (173ms)
				ProcessInitializeOnLoadMethodAttributes (15ms)
				AfterProcessingInitializeOnLoad (6ms)
				EditorAssembliesLoaded (0ms)
			ExecutionOrderSort2 (0ms)
			AwakeInstancesAfterBackupRestoration (6ms)
Platform modules already initialized, skipping
========================================================================
Worker process is ready to serve import requests
Launched and connected shader compiler UnityShaderCompiler.exe after 0.30 seconds
Refreshing native plugins compatible for Editor in 0.36 ms, found 3 plugins.
Preloading 0 native plugins for Editor in 0.00 ms.
Unloading 2090 Unused Serialized files (Serialized files now loaded: 0)
System memory in use before: 93.0 MB.
System memory in use after: 93.1 MB.

Unloading 26 unused Assets to reduce memory usage. Loaded Objects now: 2529.
Total: 2.729000 ms (FindLiveObjects: 0.137300 ms CreateObjectMapping: 0.054500 ms MarkObjects: 2.437300 ms  DeleteObjects: 0.099100 ms)

AssetImportParameters requested are different than current active one (requested -> active):
  custom:framework-win-MediaFoundation: 216162199b28c13a410421893ffa2e32 -> 
  custom:video-decoder-ogg-theora: a1e56fd34408186e4bbccfd4996cb3dc -> 
  custom:container-muxer-webm: aa71ff27fc2769a1b78a27578f13a17b -> 
  custom:container-demuxer-webm: 4f35f7cbe854078d1ac9338744f61a02 -> 
  custom:container-demuxer-ogg: 62fdf1f143b41e24485cea50d1cbac27 -> 
  custom:video-encoder-webm-vp8: eb34c28f22e8b96e1ab97ce403110664 -> 
  custom:video-decoder-webm-vp8: 9c59270c3fd7afecdb556c50c9e8de78 -> 
  custom:audio-decoder-ogg-vorbis: bf7c407c2cedff20999df2af8eb42d56 -> 
  custom:audio-encoder-webm-vorbis: bf7c407c2cedff20999df2af8eb42d56 -> 
========================================================================
Received Import Request.
  path: Assets/Sprites
  artifactKey: Guid(f4e36c25509de744ea408ad84e011a6a) Importer(815301076,1909f56bfc062723c751e8b465ee728b)
Start importing Assets/Sprites using Guid(f4e36c25509de744ea408ad84e011a6a) Importer(815301076,1909f56bfc062723c751e8b465ee728b)  -> (artifact id: '17ecf0ca0095cd109e128cc7bdc214c4') in 0.006592 seconds 
  Import took 0.008914 seconds .

========================================================================
Received Import Request.
  Time since last request: 56.878004 seconds.
  path: Assets/Sprites/B_witch_charge.png
  artifactKey: Guid(48be5dc65a5e917478af267dc772bb6c) Importer(815301076,1909f56bfc062723c751e8b465ee728b)
Start importing Assets/Sprites/B_witch_charge.png using Guid(48be5dc65a5e917478af267dc772bb6c) Importer(815301076,1909f56bfc062723c751e8b465ee728b)  -> (artifact id: '7fc47172acf822b0824e8292d5ac70a7') in 0.193462 seconds 
  Import took 0.196596 seconds .

========================================================================
Received Import Request.
  Time since last request: 70.073657 seconds.
  path: Assets/Sprites/B_witch_charge.png
  artifactKey: Guid(48be5dc65a5e917478af267dc772bb6c) Importer(815301076,1909f56bfc062723c751e8b465ee728b)
Start importing Assets/Sprites/B_witch_charge.png using Guid(48be5dc65a5e917478af267dc772bb6c) Importer(815301076,1909f56bfc062723c751e8b465ee728b)  -> (artifact id: '864b7c044c199ba4e78d8d09bd813898') in 0.013147 seconds 
  Import took 0.016836 seconds .

========================================================================
Received Import Request.
  Time since last request: 18.968644 seconds.
  path: Assets/Sprites/B_witch_charge.png
  artifactKey: Guid(48be5dc65a5e917478af267dc772bb6c) Importer(815301076,1909f56bfc062723c751e8b465ee728b)
Start importing Assets/Sprites/B_witch_charge.png using Guid(48be5dc65a5e917478af267dc772bb6c) Importer(815301076,1909f56bfc062723c751e8b465ee728b)  -> (artifact id: '255fa241a294608371e47d360cd236ba') in 0.037682 seconds 
  Import took 0.040638 seconds .

========================================================================
Received Import Request.
  Time since last request: 440.655447 seconds.
  path: Assets/Animaciones
  artifactKey: Guid(32f4d5a04fbaa104289352f5c96a43ef) Importer(815301076,1909f56bfc062723c751e8b465ee728b)
Start importing Assets/Animaciones using Guid(32f4d5a04fbaa104289352f5c96a43ef) Importer(815301076,1909f56bfc062723c751e8b465ee728b)  -> (artifact id: '992997dcbfa8d35fc89d82449b342625') in 0.007210 seconds 
  Import took 0.014494 seconds .

========================================================================
Received Import Request.
  Time since last request: 36.531016 seconds.
  path: Assets/Animaciones/caerBruja.controller
  artifactKey: Guid(a64d37104abe4614c9e8d5647cf7a1e1) Importer(815301076,1909f56bfc062723c751e8b465ee728b)
Start importing Assets/Animaciones/caerBruja.controller using Guid(a64d37104abe4614c9e8d5647cf7a1e1) Importer(815301076,1909f56bfc062723c751e8b465ee728b)  -> (artifact id: 'b0f2870e3c9b4ede30bf898751e7576e') in 0.026959 seconds 
  Import took 0.033384 seconds .

AssetImportWorkerClient::OnTransportError - code=2 error=End of file
