Using pre-set license
Built from '2020.3/staging' branch; Version is '2020.3.18f1 (a7d1c678663c) revision 10998214'; Using compiler version '192528614'; Build Type 'Release'
OS: 'Windows 10 Enterprise; OS build 18363.2274; Version 1909; 64bit' Language: 'es' Physical Memory: 32565 MB
BatchMode: 1, IsHumanControllingUs: 0, StartBugReporterOnCrash: 0, Is64bit: 1, IsPro: 0

COMMAND LINE ARGUMENTS:
C:\Program Files\Unity\Hub\Editor\2020.3.18f1\Editor\Unity.exe
-adb2
-batchMode
-noUpm
-name
AssetImportWorker0
-projectPath
D:/valentina/Zombie-smasher-Proyecto/Nubes
-logFile
Logs/AssetImportWorker0.log
-srvPort
51865
Successfully changed project path to: D:/valentina/Zombie-smasher-Proyecto/Nubes
D:/valentina/Zombie-smasher-Proyecto/Nubes
Using Asset Import Pipeline V2.
Refreshing native plugins compatible for Editor in 46.89 ms, found 3 plugins.
Preloading 0 native plugins for Editor in 0.00 ms.
Initialize engine version: 2020.3.18f1 (a7d1c678663c)
[Subsystems] Discovering subsystems at path C:/Program Files/Unity/Hub/Editor/2020.3.18f1/Editor/Data/Resources/UnitySubsystems
[Subsystems] Discovering subsystems at path D:/valentina/Zombie-smasher-Proyecto/Nubes/Assets
GfxDevice: creating device client; threaded=0
Direct3D:
    Version:  Direct3D 11.0 [level 11.1]
    Renderer: Intel(R) UHD Graphics 630 (ID=0x3e98)
    Vendor:   
    VRAM:     16282 MB
    Driver:   27.20.100.8190
Initialize mono
Mono path[0] = 'C:/Program Files/Unity/Hub/Editor/2020.3.18f1/Editor/Data/Managed'
Mono path[1] = 'C:/Program Files/Unity/Hub/Editor/2020.3.18f1/Editor/Data/MonoBleedingEdge/lib/mono/unityjit'
Mono config path = 'C:/Program Files/Unity/Hub/Editor/2020.3.18f1/Editor/Data/MonoBleedingEdge/etc'
Using monoOptions --debugger-agent=transport=dt_socket,embedding=1,server=y,suspend=n,address=127.0.0.1:56056
Begin MonoManager ReloadAssembly
Registering precompiled unity dll's ...
Register platform support module: C:/Program Files/Unity/Hub/Editor/2020.3.18f1/Editor/Data/PlaybackEngines/WindowsStandaloneSupport/UnityEditor.WindowsStandalone.Extensions.dll
Registered in 0.004631 seconds.
Native extension for WindowsStandalone target not found
Refreshing native plugins compatible for Editor in 33.72 ms, found 3 plugins.
Preloading 0 native plugins for Editor in 0.00 ms.
Mono: successfully reloaded assembly
- Completed reload, in  2.999 seconds
Domain Reload Profiling:
	ReloadAssembly (2999ms)
		BeginReloadAssembly (259ms)
			ExecutionOrderSort (0ms)
			DisableScriptedObjects (0ms)
			BackupInstance (0ms)
			ReleaseScriptingObjects (0ms)
			CreateAndSetChildDomain (1ms)
		EndReloadAssembly (371ms)
			LoadAssemblies (258ms)
			RebuildTransferFunctionScriptingTraits (0ms)
			SetupTypeCache (143ms)
			ReleaseScriptCaches (0ms)
			RebuildScriptCaches (26ms)
			SetupLoadedEditorAssemblies (138ms)
				LogAssemblyErrors (0ms)
				InitializePlatformSupportModulesInManaged (3ms)
				SetLoadedEditorAssemblies (0ms)
				RefreshPlugins (34ms)
				BeforeProcessingInitializeOnLoad (15ms)
				ProcessInitializeOnLoadAttributes (62ms)
				ProcessInitializeOnLoadMethodAttributes (23ms)
				AfterProcessingInitializeOnLoad (0ms)
				EditorAssembliesLoaded (0ms)
			ExecutionOrderSort2 (0ms)
			AwakeInstancesAfterBackupRestoration (0ms)
Platform modules already initialized, skipping
Registering precompiled user dll's ...
Registered in 0.006705 seconds.
Begin MonoManager ReloadAssembly
Native extension for WindowsStandalone target not found
Refreshing native plugins compatible for Editor in 34.46 ms, found 3 plugins.
Preloading 0 native plugins for Editor in 0.00 ms.
Mono: successfully reloaded assembly
- Completed reload, in  1.247 seconds
Domain Reload Profiling:
	ReloadAssembly (1249ms)
		BeginReloadAssembly (330ms)
			ExecutionOrderSort (0ms)
			DisableScriptedObjects (4ms)
			BackupInstance (0ms)
			ReleaseScriptingObjects (0ms)
			CreateAndSetChildDomain (15ms)
		EndReloadAssembly (863ms)
			LoadAssemblies (303ms)
			RebuildTransferFunctionScriptingTraits (0ms)
			SetupTypeCache (297ms)
			ReleaseScriptCaches (0ms)
			RebuildScriptCaches (40ms)
			SetupLoadedEditorAssemblies (318ms)
				LogAssemblyErrors (0ms)
				InitializePlatformSupportModulesInManaged (3ms)
				SetLoadedEditorAssemblies (0ms)
				RefreshPlugins (35ms)
				BeforeProcessingInitializeOnLoad (67ms)
				ProcessInitializeOnLoadAttributes (191ms)
				ProcessInitializeOnLoadMethodAttributes (15ms)
				AfterProcessingInitializeOnLoad (7ms)
				EditorAssembliesLoaded (0ms)
			ExecutionOrderSort2 (0ms)
			AwakeInstancesAfterBackupRestoration (6ms)
Platform modules already initialized, skipping
========================================================================
Worker process is ready to serve import requests
Launched and connected shader compiler UnityShaderCompiler.exe after 0.31 seconds
Refreshing native plugins compatible for Editor in 0.42 ms, found 3 plugins.
Preloading 0 native plugins for Editor in 0.00 ms.
Unloading 2094 Unused Serialized files (Serialized files now loaded: 0)
System memory in use before: 112.9 MB.
System memory in use after: 113.0 MB.

Unloading 25 unused Assets to reduce memory usage. Loaded Objects now: 2557.
Total: 2.549800 ms (FindLiveObjects: 0.145600 ms CreateObjectMapping: 0.055000 ms MarkObjects: 2.331000 ms  DeleteObjects: 0.017500 ms)

AssetImportParameters requested are different than current active one (requested -> active):
  custom:framework-win-MediaFoundation: 216162199b28c13a410421893ffa2e32 -> 
  custom:video-decoder-ogg-theora: a1e56fd34408186e4bbccfd4996cb3dc -> 
  custom:container-muxer-webm: aa71ff27fc2769a1b78a27578f13a17b -> 
  custom:container-demuxer-webm: 4f35f7cbe854078d1ac9338744f61a02 -> 
  custom:container-demuxer-ogg: 62fdf1f143b41e24485cea50d1cbac27 -> 
  custom:video-encoder-webm-vp8: eb34c28f22e8b96e1ab97ce403110664 -> 
  custom:video-decoder-webm-vp8: 9c59270c3fd7afecdb556c50c9e8de78 -> 
  custom:audio-decoder-ogg-vorbis: bf7c407c2cedff20999df2af8eb42d56 -> 
  custom:audio-encoder-webm-vorbis: bf7c407c2cedff20999df2af8eb42d56 -> 
========================================================================
Received Import Request.
  path: Assets/Enemy
  artifactKey: Guid(46d97193ae5e80d4cb9c803c4ba29986) Importer(815301076,1909f56bfc062723c751e8b465ee728b)
Start importing Assets/Enemy using Guid(46d97193ae5e80d4cb9c803c4ba29986) Importer(815301076,1909f56bfc062723c751e8b465ee728b)  -> (artifact id: '514438fb3ee584b88315fdb1c6918e1e') in 0.007052 seconds 
  Import took 0.009474 seconds .

========================================================================
Received Import Request.
  Time since last request: 0.132056 seconds.
  path: Assets/Enemy/Personaje.prefab
  artifactKey: Guid(6b60ffe9237d33748b77060c937fa25a) Importer(815301076,1909f56bfc062723c751e8b465ee728b)
Start importing Assets/Enemy/Personaje.prefab using Guid(6b60ffe9237d33748b77060c937fa25a) Importer(815301076,1909f56bfc062723c751e8b465ee728b)  -> (artifact id: '13c9308d026da7aeed899b58036ca092') in 0.119223 seconds 
  Import took 0.122271 seconds .

========================================================================
Received Import Request.
  Time since last request: 360.289618 seconds.
  path: Assets/Animaciones/Warrior_Fall_1.png
  artifactKey: Guid(12ff3d4780e61124e95056f12260828a) Importer(815301076,1909f56bfc062723c751e8b465ee728b)
Start importing Assets/Animaciones/Warrior_Fall_1.png using Guid(12ff3d4780e61124e95056f12260828a) Importer(815301076,1909f56bfc062723c751e8b465ee728b)  -> (artifact id: 'cc64212dd237cf3a3b99056d4d948311') in 0.129607 seconds 
  Import took 0.133711 seconds .

========================================================================
Received Import Request.
  Time since last request: 0.000351 seconds.
  path: Assets/Animaciones/Warrior_Fall_2.png
  artifactKey: Guid(570dc6e27c67c754f8d0200b8968bead) Importer(815301076,1909f56bfc062723c751e8b465ee728b)
Start importing Assets/Animaciones/Warrior_Fall_2.png using Guid(570dc6e27c67c754f8d0200b8968bead) Importer(815301076,1909f56bfc062723c751e8b465ee728b)  -> (artifact id: '2674d19eb5c750cbb435d106ad319c66') in 0.012457 seconds 
  Import took 0.014974 seconds .

========================================================================
Received Import Request.
  Time since last request: 0.000412 seconds.
  path: Assets/Animaciones/Warrior_Fall_3.png
  artifactKey: Guid(6206bf17324304c4c96339182f76bbcf) Importer(815301076,1909f56bfc062723c751e8b465ee728b)
Start importing Assets/Animaciones/Warrior_Fall_3.png using Guid(6206bf17324304c4c96339182f76bbcf) Importer(815301076,1909f56bfc062723c751e8b465ee728b)  -> (artifact id: '61c8a580e4bf327dc16f33e621027b03') in 0.011325 seconds 
  Import took 0.013722 seconds .

========================================================================
Received Import Request.
  Time since last request: 50.843849 seconds.
  path: Assets/Animaciones/AnimBruja
  artifactKey: Guid(78ba7d7c73133d348b583178f70cd98c) Importer(815301076,1909f56bfc062723c751e8b465ee728b)
Start importing Assets/Animaciones/AnimBruja using Guid(78ba7d7c73133d348b583178f70cd98c) Importer(815301076,1909f56bfc062723c751e8b465ee728b)  -> (artifact id: 'a4bf964cad125f88e11378c2e4c559ac') in 0.005924 seconds 
  Import took 0.008625 seconds .

========================================================================
Received Import Request.
  Time since last request: 17.479759 seconds.
  path: Assets/Animaciones/AnimWarrior
  artifactKey: Guid(429630c859488914b9924e3e8b96b5b3) Importer(815301076,1909f56bfc062723c751e8b465ee728b)
Start importing Assets/Animaciones/AnimWarrior using Guid(429630c859488914b9924e3e8b96b5b3) Importer(815301076,1909f56bfc062723c751e8b465ee728b)  -> (artifact id: '0b6a1623effcc1f7b2646d95c694ae9e') in 0.004374 seconds 
  Import took 0.007227 seconds .

========================================================================
Received Import Request.
  Time since last request: 23.007508 seconds.
  path: Assets/Animaciones/AnimWarrior/WarriorCaer.controller
  artifactKey: Guid(9b5de95eef909724b825b683f7b3d209) Importer(815301076,1909f56bfc062723c751e8b465ee728b)
Start importing Assets/Animaciones/AnimWarrior/WarriorCaer.controller using Guid(9b5de95eef909724b825b683f7b3d209) Importer(815301076,1909f56bfc062723c751e8b465ee728b)  -> (artifact id: 'b0cd3eadd0cd8576d9afc656870e0e8e') in 0.009697 seconds 
  Import took 0.013094 seconds .

========================================================================
Received Import Request.
  Time since last request: 37.273109 seconds.
  path: Assets/Animaciones/AnimWarrior/warriorCaer.anim
  artifactKey: Guid(36681ab74b1268b47ac6e05d3da23ef5) Importer(815301076,1909f56bfc062723c751e8b465ee728b)
Start importing Assets/Animaciones/AnimWarrior/warriorCaer.anim using Guid(36681ab74b1268b47ac6e05d3da23ef5) Importer(815301076,1909f56bfc062723c751e8b465ee728b)  -> (artifact id: '4bbfbaf5f86e63158eb64eafad5d2363') in 0.010321 seconds 
  Import took 0.013372 seconds .

========================================================================
Received Import Request.
  Time since last request: 37.956562 seconds.
  path: Assets/Animaciones/AnimWarrior/Warrior_Cae.controller
  artifactKey: Guid(8690770256b0ab84285f43515fa50aed) Importer(815301076,1909f56bfc062723c751e8b465ee728b)
Start importing Assets/Animaciones/AnimWarrior/Warrior_Cae.controller using Guid(8690770256b0ab84285f43515fa50aed) Importer(815301076,1909f56bfc062723c751e8b465ee728b)  -> (artifact id: '06cb8dc246dfbfc109b66b1a2bcce8b6') in 0.008034 seconds 
  Import took 0.011041 seconds .

========================================================================
Received Import Request.
  Time since last request: 115.845975 seconds.
  path: Assets/Animaciones/AnimWarrior/Warrior_Fall_1.png
  artifactKey: Guid(12ff3d4780e61124e95056f12260828a) Importer(815301076,1909f56bfc062723c751e8b465ee728b)
Start importing Assets/Animaciones/AnimWarrior/Warrior_Fall_1.png using Guid(12ff3d4780e61124e95056f12260828a) Importer(815301076,1909f56bfc062723c751e8b465ee728b)  -> (artifact id: '3d49ebd8901bef2f4084aedb08f34a33') in 0.021347 seconds 
  Import took 0.024223 seconds .

========================================================================
Received Import Request.
  Time since last request: 4.488509 seconds.
  path: Assets/Animaciones/AnimWarrior/Warrior_Fall_2.png
  artifactKey: Guid(570dc6e27c67c754f8d0200b8968bead) Importer(815301076,1909f56bfc062723c751e8b465ee728b)
Start importing Assets/Animaciones/AnimWarrior/Warrior_Fall_2.png using Guid(570dc6e27c67c754f8d0200b8968bead) Importer(815301076,1909f56bfc062723c751e8b465ee728b)  -> (artifact id: '8d7a3d00c870526ec0b453fd40f288be') in 0.015022 seconds 
  Import took 0.017848 seconds .

========================================================================
Received Import Request.
  Time since last request: 5.410797 seconds.
  path: Assets/Animaciones/AnimWarrior/Warrior_Fall_3.png
  artifactKey: Guid(6206bf17324304c4c96339182f76bbcf) Importer(815301076,1909f56bfc062723c751e8b465ee728b)
Start importing Assets/Animaciones/AnimWarrior/Warrior_Fall_3.png using Guid(6206bf17324304c4c96339182f76bbcf) Importer(815301076,1909f56bfc062723c751e8b465ee728b)  -> (artifact id: 'b6bd03003187fbfc6de2791530b94c38') in 0.020001 seconds 
  Import took 0.023144 seconds .

========================================================================
Received Import Request.
  Time since last request: 28.156782 seconds.
  path: Assets/Animaciones/AnimWarrior/Warrior_Fall_1.png
  artifactKey: Guid(12ff3d4780e61124e95056f12260828a) Importer(815301076,1909f56bfc062723c751e8b465ee728b)
Start importing Assets/Animaciones/AnimWarrior/Warrior_Fall_1.png using Guid(12ff3d4780e61124e95056f12260828a) Importer(815301076,1909f56bfc062723c751e8b465ee728b)  -> (artifact id: 'a1c1ac2d0d6b56dafa7c1cfa0be350b3') in 0.020612 seconds 
  Import took 0.023818 seconds .

========================================================================
Received Import Request.
  Time since last request: 26.977552 seconds.
  path: Assets/Animaciones/AnimWarrior/Warrior_Fall_1.png
  artifactKey: Guid(12ff3d4780e61124e95056f12260828a) Importer(815301076,1909f56bfc062723c751e8b465ee728b)
Start importing Assets/Animaciones/AnimWarrior/Warrior_Fall_1.png using Guid(12ff3d4780e61124e95056f12260828a) Importer(815301076,1909f56bfc062723c751e8b465ee728b)  -> (artifact id: '316680eab31d126ac59e496e5ee4f2bc') in 0.012540 seconds 
  Import took 0.015281 seconds .

========================================================================
Received Import Request.
  Time since last request: 0.008866 seconds.
  path: Assets/Animaciones/AnimWarrior/Warrior_Fall_1.png
  artifactKey: Guid(12ff3d4780e61124e95056f12260828a) Importer(815301076,1909f56bfc062723c751e8b465ee728b)
Start importing Assets/Animaciones/AnimWarrior/Warrior_Fall_1.png using Guid(12ff3d4780e61124e95056f12260828a) Importer(815301076,1909f56bfc062723c751e8b465ee728b)  -> (artifact id: '316680eab31d126ac59e496e5ee4f2bc') in 0.021726 seconds 
  Import took 0.024936 seconds .

========================================================================
Received Import Request.
  Time since last request: 62.154080 seconds.
  path: Assets/Animaciones/AnimWarrior/Warrior_Fall_2.png
  artifactKey: Guid(570dc6e27c67c754f8d0200b8968bead) Importer(815301076,1909f56bfc062723c751e8b465ee728b)
Start importing Assets/Animaciones/AnimWarrior/Warrior_Fall_2.png using Guid(570dc6e27c67c754f8d0200b8968bead) Importer(815301076,1909f56bfc062723c751e8b465ee728b)  -> (artifact id: '20961c3fb6cb4dfe1450098a0192ab3d') in 0.022818 seconds 
  Import took 0.025915 seconds .

========================================================================
Received Import Request.
  Time since last request: 23.371230 seconds.
  path: Assets/Animaciones/AnimWarrior/Warrior_Fall_2.png
  artifactKey: Guid(570dc6e27c67c754f8d0200b8968bead) Importer(815301076,1909f56bfc062723c751e8b465ee728b)
Start importing Assets/Animaciones/AnimWarrior/Warrior_Fall_2.png using Guid(570dc6e27c67c754f8d0200b8968bead) Importer(815301076,1909f56bfc062723c751e8b465ee728b)  -> (artifact id: '47c64b6ff1b97bfa5bfb5aa531ae5408') in 0.011874 seconds 
  Import took 0.015111 seconds .

========================================================================
Received Import Request.
  Time since last request: 8.259498 seconds.
  path: Assets/Animaciones/AnimWarrior/Warrior_Fall_3.png
  artifactKey: Guid(6206bf17324304c4c96339182f76bbcf) Importer(815301076,1909f56bfc062723c751e8b465ee728b)
Start importing Assets/Animaciones/AnimWarrior/Warrior_Fall_3.png using Guid(6206bf17324304c4c96339182f76bbcf) Importer(815301076,1909f56bfc062723c751e8b465ee728b)  -> (artifact id: 'c73966ae4127b268b093e7609a4f28aa') in 0.012531 seconds 
  Import took 0.016309 seconds .

========================================================================
Received Import Request.
  Time since last request: 13.207256 seconds.
  path: Assets/Animaciones/AnimWarrior/Warrior_Fall_3.png
  artifactKey: Guid(6206bf17324304c4c96339182f76bbcf) Importer(815301076,1909f56bfc062723c751e8b465ee728b)
Start importing Assets/Animaciones/AnimWarrior/Warrior_Fall_3.png using Guid(6206bf17324304c4c96339182f76bbcf) Importer(815301076,1909f56bfc062723c751e8b465ee728b)  -> (artifact id: '547b95b355258d0a8c61e9568fc7a36e') in 0.012440 seconds 
  Import took 0.015225 seconds .

========================================================================
Received Import Request.
  Time since last request: 390.751629 seconds.
  path: Assets/Animaciones/AnimWarrior/Warrior_SheetnoEffect.png
  artifactKey: Guid(02107f02a6b1c1d49843560c8de7bac3) Importer(815301076,1909f56bfc062723c751e8b465ee728b)
Start importing Assets/Animaciones/AnimWarrior/Warrior_SheetnoEffect.png using Guid(02107f02a6b1c1d49843560c8de7bac3) Importer(815301076,1909f56bfc062723c751e8b465ee728b)  -> (artifact id: '10bb540fae33f61248b4f3cee1647be8') in 0.026317 seconds 
  Import took 0.029619 seconds .

========================================================================
Received Import Request.
  Time since last request: 31.487136 seconds.
  path: Assets/Animaciones/AnimWarrior/Warrior_SheetnoEffect.png
  artifactKey: Guid(02107f02a6b1c1d49843560c8de7bac3) Importer(815301076,1909f56bfc062723c751e8b465ee728b)
Start importing Assets/Animaciones/AnimWarrior/Warrior_SheetnoEffect.png using Guid(02107f02a6b1c1d49843560c8de7bac3) Importer(815301076,1909f56bfc062723c751e8b465ee728b)  -> (artifact id: 'b7b9f520bca96515c8ea90a7f2de32d6') in 0.024756 seconds 
  Import took 0.027709 seconds .

========================================================================
Received Import Request.
  Time since last request: 26.852291 seconds.
  path: Assets/Animaciones/AnimWarrior/Warrior_SheetnoEffect.png
  artifactKey: Guid(02107f02a6b1c1d49843560c8de7bac3) Importer(815301076,1909f56bfc062723c751e8b465ee728b)
Start importing Assets/Animaciones/AnimWarrior/Warrior_SheetnoEffect.png using Guid(02107f02a6b1c1d49843560c8de7bac3) Importer(815301076,1909f56bfc062723c751e8b465ee728b)  -> (artifact id: '3fb939985ba0685e7ed41f322a29c048') in 0.233944 seconds 
  Import took 0.238567 seconds .

========================================================================
Received Import Request.
  Time since last request: 156.647898 seconds.
  path: Assets/Animaciones/AnimWarrior/warrior.controller
  artifactKey: Guid(78d77bd45f6f03a43a74750821882fee) Importer(815301076,1909f56bfc062723c751e8b465ee728b)
Start importing Assets/Animaciones/AnimWarrior/warrior.controller using Guid(78d77bd45f6f03a43a74750821882fee) Importer(815301076,1909f56bfc062723c751e8b465ee728b)  -> (artifact id: 'f6262e3379d28b02bad2522492198997') in 0.008780 seconds 
  Import took 0.012412 seconds .

========================================================================
Received Import Request.
  Time since last request: 41.719269 seconds.
  path: Assets/Animaciones/AnimWarrior/warriorCaer 1.anim
  artifactKey: Guid(db8cfae9cb5ae874a8965ed271faa146) Importer(815301076,1909f56bfc062723c751e8b465ee728b)
Start importing Assets/Animaciones/AnimWarrior/warriorCaer 1.anim using Guid(db8cfae9cb5ae874a8965ed271faa146) Importer(815301076,1909f56bfc062723c751e8b465ee728b)  -> (artifact id: '3ef4197cd6e0c74e66c26d0ed6dcc1a9') in 0.008583 seconds 
  Import took 0.012668 seconds .

========================================================================
Received Prepare
Registering precompiled user dll's ...
Registered in 0.006542 seconds.
Begin MonoManager ReloadAssembly
Native extension for WindowsStandalone target not found
Refreshing native plugins compatible for Editor in 0.38 ms, found 3 plugins.
Preloading 0 native plugins for Editor in 0.00 ms.
Mono: successfully reloaded assembly
- Completed reload, in  1.218 seconds
Domain Reload Profiling:
	ReloadAssembly (1218ms)
		BeginReloadAssembly (360ms)
			ExecutionOrderSort (0ms)
			DisableScriptedObjects (6ms)
			BackupInstance (0ms)
			ReleaseScriptingObjects (0ms)
			CreateAndSetChildDomain (32ms)
		EndReloadAssembly (802ms)
			LoadAssemblies (354ms)
			RebuildTransferFunctionScriptingTraits (0ms)
			SetupTypeCache (299ms)
			ReleaseScriptCaches (1ms)
			RebuildScriptCaches (37ms)
			SetupLoadedEditorAssemblies (275ms)
				LogAssemblyErrors (0ms)
				InitializePlatformSupportModulesInManaged (5ms)
				SetLoadedEditorAssemblies (0ms)
				RefreshPlugins (0ms)
				BeforeProcessingInitializeOnLoad (70ms)
				ProcessInitializeOnLoadAttributes (186ms)
				ProcessInitializeOnLoadMethodAttributes (6ms)
				AfterProcessingInitializeOnLoad (8ms)
				EditorAssembliesLoaded (0ms)
			ExecutionOrderSort2 (0ms)
			AwakeInstancesAfterBackupRestoration (12ms)
Platform modules already initialized, skipping
Refreshing native plugins compatible for Editor in 0.76 ms, found 3 plugins.
Preloading 0 native plugins for Editor in 0.00 ms.
Unloading 2084 Unused Serialized files (Serialized files now loaded: 0)
System memory in use before: 115.7 MB.
System memory in use after: 115.9 MB.

Unloading 14 unused Assets to reduce memory usage. Loaded Objects now: 2728.
Total: 3.712400 ms (FindLiveObjects: 0.267200 ms CreateObjectMapping: 0.095800 ms MarkObjects: 3.297100 ms  DeleteObjects: 0.051200 ms)

AssetImportParameters requested are different than current active one (requested -> active):
  custom:framework-win-MediaFoundation: 216162199b28c13a410421893ffa2e32 -> 
  custom:video-decoder-ogg-theora: a1e56fd34408186e4bbccfd4996cb3dc -> 
  custom:container-muxer-webm: aa71ff27fc2769a1b78a27578f13a17b -> 
  custom:container-demuxer-webm: 4f35f7cbe854078d1ac9338744f61a02 -> 
  custom:container-demuxer-ogg: 62fdf1f143b41e24485cea50d1cbac27 -> 
  custom:video-encoder-webm-vp8: eb34c28f22e8b96e1ab97ce403110664 -> 
  custom:video-decoder-webm-vp8: 9c59270c3fd7afecdb556c50c9e8de78 -> 
  custom:audio-decoder-ogg-vorbis: bf7c407c2cedff20999df2af8eb42d56 -> 
  custom:audio-encoder-webm-vorbis: bf7c407c2cedff20999df2af8eb42d56 -> 
========================================================================
Received Prepare
Registering precompiled user dll's ...
Registered in 0.007047 seconds.
Begin MonoManager ReloadAssembly
Native extension for WindowsStandalone target not found
Refreshing native plugins compatible for Editor in 0.38 ms, found 3 plugins.
Preloading 0 native plugins for Editor in 0.00 ms.
Mono: successfully reloaded assembly
- Completed reload, in  1.092 seconds
Domain Reload Profiling:
	ReloadAssembly (1093ms)
		BeginReloadAssembly (303ms)
			ExecutionOrderSort (0ms)
			DisableScriptedObjects (5ms)
			BackupInstance (0ms)
			ReleaseScriptingObjects (0ms)
			CreateAndSetChildDomain (28ms)
		EndReloadAssembly (737ms)
			LoadAssemblies (304ms)
			RebuildTransferFunctionScriptingTraits (0ms)
			SetupTypeCache (269ms)
			ReleaseScriptCaches (1ms)
			RebuildScriptCaches (35ms)
			SetupLoadedEditorAssemblies (255ms)
				LogAssemblyErrors (0ms)
				InitializePlatformSupportModulesInManaged (4ms)
				SetLoadedEditorAssemblies (0ms)
				RefreshPlugins (0ms)
				BeforeProcessingInitializeOnLoad (67ms)
				ProcessInitializeOnLoadAttributes (172ms)
				ProcessInitializeOnLoadMethodAttributes (5ms)
				AfterProcessingInitializeOnLoad (7ms)
				EditorAssembliesLoaded (0ms)
			ExecutionOrderSort2 (0ms)
			AwakeInstancesAfterBackupRestoration (8ms)
Platform modules already initialized, skipping
Refreshing native plugins compatible for Editor in 0.46 ms, found 3 plugins.
Preloading 0 native plugins for Editor in 0.00 ms.
Unloading 2084 Unused Serialized files (Serialized files now loaded: 0)
System memory in use before: 115.7 MB.
System memory in use after: 115.9 MB.

Unloading 14 unused Assets to reduce memory usage. Loaded Objects now: 2731.
Total: 2.755000 ms (FindLiveObjects: 0.182300 ms CreateObjectMapping: 0.070600 ms MarkObjects: 2.487600 ms  DeleteObjects: 0.013700 ms)

AssetImportParameters requested are different than current active one (requested -> active):
  custom:framework-win-MediaFoundation: 216162199b28c13a410421893ffa2e32 -> 
  custom:video-decoder-ogg-theora: a1e56fd34408186e4bbccfd4996cb3dc -> 
  custom:container-muxer-webm: aa71ff27fc2769a1b78a27578f13a17b -> 
  custom:container-demuxer-webm: 4f35f7cbe854078d1ac9338744f61a02 -> 
  custom:container-demuxer-ogg: 62fdf1f143b41e24485cea50d1cbac27 -> 
  custom:video-encoder-webm-vp8: eb34c28f22e8b96e1ab97ce403110664 -> 
  custom:video-decoder-webm-vp8: 9c59270c3fd7afecdb556c50c9e8de78 -> 
  custom:audio-decoder-ogg-vorbis: bf7c407c2cedff20999df2af8eb42d56 -> 
  custom:audio-encoder-webm-vorbis: bf7c407c2cedff20999df2af8eb42d56 -> 
========================================================================
Received Import Request.
  Time since last request: 210.671602 seconds.
  path: Assets/Animaciones/AnimWarrior/warrior.prefab
  artifactKey: Guid(30d1f59de401611459e4d660a36448b7) Importer(815301076,1909f56bfc062723c751e8b465ee728b)
Start importing Assets/Animaciones/AnimWarrior/warrior.prefab using Guid(30d1f59de401611459e4d660a36448b7) Importer(815301076,1909f56bfc062723c751e8b465ee728b)  -> (artifact id: '0bad88251c0d258b7aa7b9372ac0fbeb') in 0.023792 seconds 
  Import took 0.026513 seconds .

========================================================================
Received Prepare
Registering precompiled user dll's ...
Registered in 0.006406 seconds.
Begin MonoManager ReloadAssembly
Native extension for WindowsStandalone target not found
Refreshing native plugins compatible for Editor in 0.38 ms, found 3 plugins.
Preloading 0 native plugins for Editor in 0.00 ms.
Mono: successfully reloaded assembly
- Completed reload, in  1.128 seconds
Domain Reload Profiling:
	ReloadAssembly (1129ms)
		BeginReloadAssembly (331ms)
			ExecutionOrderSort (0ms)
			DisableScriptedObjects (6ms)
			BackupInstance (0ms)
			ReleaseScriptingObjects (0ms)
			CreateAndSetChildDomain (30ms)
		EndReloadAssembly (744ms)
			LoadAssemblies (329ms)
			RebuildTransferFunctionScriptingTraits (0ms)
			SetupTypeCache (274ms)
			ReleaseScriptCaches (1ms)
			RebuildScriptCaches (35ms)
			SetupLoadedEditorAssemblies (258ms)
				LogAssemblyErrors (0ms)
				InitializePlatformSupportModulesInManaged (4ms)
				SetLoadedEditorAssemblies (0ms)
				RefreshPlugins (0ms)
				BeforeProcessingInitializeOnLoad (67ms)
				ProcessInitializeOnLoadAttributes (173ms)
				ProcessInitializeOnLoadMethodAttributes (5ms)
				AfterProcessingInitializeOnLoad (7ms)
				EditorAssembliesLoaded (0ms)
			ExecutionOrderSort2 (0ms)
			AwakeInstancesAfterBackupRestoration (9ms)
Platform modules already initialized, skipping
Refreshing native plugins compatible for Editor in 0.38 ms, found 3 plugins.
Preloading 0 native plugins for Editor in 0.00 ms.
Unloading 2084 Unused Serialized files (Serialized files now loaded: 0)
System memory in use before: 115.8 MB.
System memory in use after: 116.0 MB.

Unloading 14 unused Assets to reduce memory usage. Loaded Objects now: 2734.
Total: 2.706800 ms (FindLiveObjects: 0.172500 ms CreateObjectMapping: 0.067800 ms MarkObjects: 2.453100 ms  DeleteObjects: 0.012800 ms)

AssetImportParameters requested are different than current active one (requested -> active):
  custom:framework-win-MediaFoundation: 216162199b28c13a410421893ffa2e32 -> 
  custom:video-decoder-ogg-theora: a1e56fd34408186e4bbccfd4996cb3dc -> 
  custom:container-muxer-webm: aa71ff27fc2769a1b78a27578f13a17b -> 
  custom:container-demuxer-webm: 4f35f7cbe854078d1ac9338744f61a02 -> 
  custom:container-demuxer-ogg: 62fdf1f143b41e24485cea50d1cbac27 -> 
  custom:video-encoder-webm-vp8: eb34c28f22e8b96e1ab97ce403110664 -> 
  custom:video-decoder-webm-vp8: 9c59270c3fd7afecdb556c50c9e8de78 -> 
  custom:audio-decoder-ogg-vorbis: bf7c407c2cedff20999df2af8eb42d56 -> 
  custom:audio-encoder-webm-vorbis: bf7c407c2cedff20999df2af8eb42d56 -> 
========================================================================
Received Import Request.
  Time since last request: 655.339233 seconds.
  path: Assets/Animaciones/Nubes
  artifactKey: Guid(f2f0f1f372ad8a147847d8c2ed70056e) Importer(815301076,1909f56bfc062723c751e8b465ee728b)
Start importing Assets/Animaciones/Nubes using Guid(f2f0f1f372ad8a147847d8c2ed70056e) Importer(815301076,1909f56bfc062723c751e8b465ee728b)  -> (artifact id: '33b320d6834264fb442450a6f63107f8') in 0.007367 seconds 
  Import took 0.010512 seconds .

========================================================================
Received Import Request.
  Time since last request: 12.418707 seconds.
  path: Assets/Animaciones/Nubes/10 - Blankey_Floating (32 x 32).png
  artifactKey: Guid(0bdb19b2df048424f84ce406b5cb9f32) Importer(815301076,1909f56bfc062723c751e8b465ee728b)
Start importing Assets/Animaciones/Nubes/10 - Blankey_Floating (32 x 32).png using Guid(0bdb19b2df048424f84ce406b5cb9f32) Importer(815301076,1909f56bfc062723c751e8b465ee728b)  -> (artifact id: '67cc984792e109c5149f0ec85e6f9d17') in 0.041673 seconds 
  Import took 0.044690 seconds .

========================================================================
Received Import Request.
  Time since last request: 14.352628 seconds.
  path: Assets/Animaciones/Nubes/10 - Blankey_Floating (32 x 32).png
  artifactKey: Guid(0bdb19b2df048424f84ce406b5cb9f32) Importer(815301076,1909f56bfc062723c751e8b465ee728b)
Start importing Assets/Animaciones/Nubes/10 - Blankey_Floating (32 x 32).png using Guid(0bdb19b2df048424f84ce406b5cb9f32) Importer(815301076,1909f56bfc062723c751e8b465ee728b)  -> (artifact id: 'b4ca02d39a3fa488f0511a8109ea714c') in 0.009987 seconds 
  Import took 0.013001 seconds .

========================================================================
Received Import Request.
  Time since last request: 0.003328 seconds.
  path: Assets/Animaciones/Nubes/10 - Blankey_Floating (32 x 32).png
  artifactKey: Guid(0bdb19b2df048424f84ce406b5cb9f32) Importer(815301076,1909f56bfc062723c751e8b465ee728b)
Start importing Assets/Animaciones/Nubes/10 - Blankey_Floating (32 x 32).png using Guid(0bdb19b2df048424f84ce406b5cb9f32) Importer(815301076,1909f56bfc062723c751e8b465ee728b)  -> (artifact id: 'b4ca02d39a3fa488f0511a8109ea714c') in 0.010669 seconds 
  Import took 0.014692 seconds .

========================================================================
Received Import Request.
  Time since last request: 5.188495 seconds.
  path: Assets/Animaciones/Nubes/10 - Blankey_Floating (32 x 32).png
  artifactKey: Guid(0bdb19b2df048424f84ce406b5cb9f32) Importer(815301076,1909f56bfc062723c751e8b465ee728b)
Start importing Assets/Animaciones/Nubes/10 - Blankey_Floating (32 x 32).png using Guid(0bdb19b2df048424f84ce406b5cb9f32) Importer(815301076,1909f56bfc062723c751e8b465ee728b)  -> (artifact id: '503856249710a467d2ea51bc36c38b0e') in 0.028856 seconds 
  Import took 0.032020 seconds .

========================================================================
Received Import Request.
  Time since last request: 47.023338 seconds.
  path: Assets/Animaciones/Nubes/Nube.controller
  artifactKey: Guid(0fd16a950dafa32478c41f64a322acca) Importer(815301076,1909f56bfc062723c751e8b465ee728b)
Start importing Assets/Animaciones/Nubes/Nube.controller using Guid(0fd16a950dafa32478c41f64a322acca) Importer(815301076,1909f56bfc062723c751e8b465ee728b)  -> (artifact id: '18999863c38291afab281bf0bfc17e61') in 0.007711 seconds 
  Import took 0.011162 seconds .

========================================================================
Received Import Request.
  Time since last request: 24.858909 seconds.
  path: Assets/Animaciones/Nubes/nube.anim
  artifactKey: Guid(38abda1b149957744b4a0e2aef2942d7) Importer(815301076,1909f56bfc062723c751e8b465ee728b)
Start importing Assets/Animaciones/Nubes/nube.anim using Guid(38abda1b149957744b4a0e2aef2942d7) Importer(815301076,1909f56bfc062723c751e8b465ee728b)  -> (artifact id: '069d283f7b2c5174ddfd1ba8aaa930a7') in 0.005833 seconds 
  Import took 0.008855 seconds .

========================================================================
Received Import Request.
  Time since last request: 38.078298 seconds.
  path: Assets/Animaciones/Nubes/Nube 1.controller
  artifactKey: Guid(06317c324aaaf8a4ca597b415915223a) Importer(815301076,1909f56bfc062723c751e8b465ee728b)
Start importing Assets/Animaciones/Nubes/Nube 1.controller using Guid(06317c324aaaf8a4ca597b415915223a) Importer(815301076,1909f56bfc062723c751e8b465ee728b)  -> (artifact id: '95a0f0c9ad1dda76982e28d2e27a300e') in 0.006628 seconds 
  Import took 0.009786 seconds .

========================================================================
Received Import Request.
  Time since last request: 7.678209 seconds.
  path: Assets/Animaciones/Nubes/Anim_Nube.anim
  artifactKey: Guid(0cc40b4d64f4f9647ac5d61292d9f4a0) Importer(815301076,1909f56bfc062723c751e8b465ee728b)
Start importing Assets/Animaciones/Nubes/Anim_Nube.anim using Guid(0cc40b4d64f4f9647ac5d61292d9f4a0) Importer(815301076,1909f56bfc062723c751e8b465ee728b)  -> (artifact id: '706e841054b23d76635599cee392c584') in 0.005198 seconds 
  Import took 0.008360 seconds .

========================================================================
Received Import Request.
  Time since last request: 99.843853 seconds.
  path: Assets/Animaciones/AnimNubes
  artifactKey: Guid(f2f0f1f372ad8a147847d8c2ed70056e) Importer(815301076,1909f56bfc062723c751e8b465ee728b)
Start importing Assets/Animaciones/AnimNubes using Guid(f2f0f1f372ad8a147847d8c2ed70056e) Importer(815301076,1909f56bfc062723c751e8b465ee728b)  -> (artifact id: 'e30e17b3cb78a5930943b27cc6b70415') in 0.005332 seconds 
  Import took 0.008545 seconds .

========================================================================
Received Import Request.
  Time since last request: 12.598355 seconds.
  path: Assets/Animaciones/AnimNubes/Nube.prefab
  artifactKey: Guid(bb4fd18b9f06cac4eb3f62f72f18d427) Importer(815301076,1909f56bfc062723c751e8b465ee728b)
Start importing Assets/Animaciones/AnimNubes/Nube.prefab using Guid(bb4fd18b9f06cac4eb3f62f72f18d427) Importer(815301076,1909f56bfc062723c751e8b465ee728b) The Animator Controller (Nube 1) you have used is not valid. Animations will not play
UnityEngine.StackTraceUtility:ExtractStackTrace ()
UnityEditor.EditorUtility:Internal_InstantiateRemoveAllNonAnimationComponentsSingle (UnityEngine.Object,UnityEngine.Vector3,UnityEngine.Quaternion)
UnityEditor.EditorUtility:InstantiateRemoveAllNonAnimationComponents (UnityEngine.Object,UnityEngine.Vector3,UnityEngine.Quaternion)
UnityEditor.EditorUtility:InstantiateForAnimatorPreview (UnityEngine.Object)
UnityEditor.GameObjectInspector/PreviewData:UpdateGameObject (UnityEngine.Object)
UnityEditor.GameObjectInspector/PreviewData:.ctor (UnityEngine.Object)
UnityEditor.GameObjectInspector:GetPreviewData ()
UnityEditor.GameObjectInspector:RenderStaticPreview (string,UnityEngine.Object[],int,int)
UnityEditor.AssetPreviewUpdater:CreatePreviewForAsset (UnityEngine.Object,UnityEngine.Object[],string)

[C:\buildslave\unity\build\Modules/Animation/Director/AnimatorControllerPlayable.cpp line 333]

The Animator Controller (Nube 1) you have used is not valid. Animations will not play
UnityEngine.StackTraceUtility:ExtractStackTrace ()
UnityEditor.EditorUtility:InitInstantiatedPreviewRecursive (UnityEngine.GameObject)
UnityEditor.EditorUtility:InstantiateForAnimatorPreview (UnityEngine.Object)
UnityEditor.GameObjectInspector/PreviewData:UpdateGameObject (UnityEngine.Object)
UnityEditor.GameObjectInspector/PreviewData:.ctor (UnityEngine.Object)
UnityEditor.GameObjectInspector:GetPreviewData ()
UnityEditor.GameObjectInspector:RenderStaticPreview (string,UnityEngine.Object[],int,int)
UnityEditor.AssetPreviewUpdater:CreatePreviewForAsset (UnityEngine.Object,UnityEngine.Object[],string)

[C:\buildslave\unity\build\Modules/Animation/Director/AnimatorControllerPlayable.cpp line 333]

 -> (artifact id: 'bde018e0d4b8fa7bfaae6f523b6bd222') in 0.037533 seconds 
  Import took 0.041058 seconds .

========================================================================
Received Import Request.
  Time since last request: 0.008039 seconds.
  path: Assets/Animaciones/AnimNubes/Nube.prefab
  artifactKey: Guid(bb4fd18b9f06cac4eb3f62f72f18d427) Importer(815301076,1909f56bfc062723c751e8b465ee728b)
Start importing Assets/Animaciones/AnimNubes/Nube.prefab using Guid(bb4fd18b9f06cac4eb3f62f72f18d427) Importer(815301076,1909f56bfc062723c751e8b465ee728b) The Animator Controller (Nube 1) you have used is not valid. Animations will not play
UnityEngine.StackTraceUtility:ExtractStackTrace ()
UnityEditor.EditorUtility:Internal_InstantiateRemoveAllNonAnimationComponentsSingle (UnityEngine.Object,UnityEngine.Vector3,UnityEngine.Quaternion)
UnityEditor.EditorUtility:InstantiateRemoveAllNonAnimationComponents (UnityEngine.Object,UnityEngine.Vector3,UnityEngine.Quaternion)
UnityEditor.EditorUtility:InstantiateForAnimatorPreview (UnityEngine.Object)
UnityEditor.GameObjectInspector/PreviewData:UpdateGameObject (UnityEngine.Object)
UnityEditor.GameObjectInspector/PreviewData:.ctor (UnityEngine.Object)
UnityEditor.GameObjectInspector:GetPreviewData ()
UnityEditor.GameObjectInspector:RenderStaticPreview (string,UnityEngine.Object[],int,int)
UnityEditor.AssetPreviewUpdater:CreatePreviewForAsset (UnityEngine.Object,UnityEngine.Object[],string)

[C:\buildslave\unity\build\Modules/Animation/Director/AnimatorControllerPlayable.cpp line 333]

The Animator Controller (Nube 1) you have used is not valid. Animations will not play
UnityEngine.StackTraceUtility:ExtractStackTrace ()
UnityEditor.EditorUtility:InitInstantiatedPreviewRecursive (UnityEngine.GameObject)
UnityEditor.EditorUtility:InstantiateForAnimatorPreview (UnityEngine.Object)
UnityEditor.GameObjectInspector/PreviewData:UpdateGameObject (UnityEngine.Object)
UnityEditor.GameObjectInspector/PreviewData:.ctor (UnityEngine.Object)
UnityEditor.GameObjectInspector:GetPreviewData ()
UnityEditor.GameObjectInspector:RenderStaticPreview (string,UnityEngine.Object[],int,int)
UnityEditor.AssetPreviewUpdater:CreatePreviewForAsset (UnityEngine.Object,UnityEngine.Object[],string)

[C:\buildslave\unity\build\Modules/Animation/Director/AnimatorControllerPlayable.cpp line 333]

 -> (artifact id: 'bde018e0d4b8fa7bfaae6f523b6bd222') in 0.012815 seconds 
  Import took 0.016022 seconds .

========================================================================
Received Prepare
Registering precompiled user dll's ...
Registered in 0.008346 seconds.
Begin MonoManager ReloadAssembly
Native extension for WindowsStandalone target not found
Refreshing native plugins compatible for Editor in 0.41 ms, found 3 plugins.
Preloading 0 native plugins for Editor in 0.00 ms.
Mono: successfully reloaded assembly
- Completed reload, in  1.406 seconds
Domain Reload Profiling:
	ReloadAssembly (1406ms)
		BeginReloadAssembly (388ms)
			ExecutionOrderSort (0ms)
			DisableScriptedObjects (6ms)
			BackupInstance (0ms)
			ReleaseScriptingObjects (0ms)
			CreateAndSetChildDomain (37ms)
		EndReloadAssembly (951ms)
			LoadAssemblies (393ms)
			RebuildTransferFunctionScriptingTraits (0ms)
			SetupTypeCache (353ms)
			ReleaseScriptCaches (1ms)
			RebuildScriptCaches (44ms)
			SetupLoadedEditorAssemblies (326ms)
				LogAssemblyErrors (0ms)
				InitializePlatformSupportModulesInManaged (6ms)
				SetLoadedEditorAssemblies (0ms)
				RefreshPlugins (0ms)
				BeforeProcessingInitializeOnLoad (87ms)
				ProcessInitializeOnLoadAttributes (218ms)
				ProcessInitializeOnLoadMethodAttributes (6ms)
				AfterProcessingInitializeOnLoad (8ms)
				EditorAssembliesLoaded (0ms)
			ExecutionOrderSort2 (0ms)
			AwakeInstancesAfterBackupRestoration (11ms)
Platform modules already initialized, skipping
Refreshing native plugins compatible for Editor in 0.49 ms, found 3 plugins.
Preloading 0 native plugins for Editor in 0.00 ms.
Unloading 2084 Unused Serialized files (Serialized files now loaded: 0)
System memory in use before: 115.9 MB.
System memory in use after: 116.1 MB.

Unloading 14 unused Assets to reduce memory usage. Loaded Objects now: 2744.
Total: 3.650200 ms (FindLiveObjects: 0.227800 ms CreateObjectMapping: 0.086900 ms MarkObjects: 3.267800 ms  DeleteObjects: 0.065800 ms)

AssetImportParameters requested are different than current active one (requested -> active):
  custom:framework-win-MediaFoundation: 216162199b28c13a410421893ffa2e32 -> 
  custom:video-decoder-ogg-theora: a1e56fd34408186e4bbccfd4996cb3dc -> 
  custom:container-muxer-webm: aa71ff27fc2769a1b78a27578f13a17b -> 
  custom:container-demuxer-webm: 4f35f7cbe854078d1ac9338744f61a02 -> 
  custom:container-demuxer-ogg: 62fdf1f143b41e24485cea50d1cbac27 -> 
  custom:video-encoder-webm-vp8: eb34c28f22e8b96e1ab97ce403110664 -> 
  custom:video-decoder-webm-vp8: 9c59270c3fd7afecdb556c50c9e8de78 -> 
  custom:audio-decoder-ogg-vorbis: bf7c407c2cedff20999df2af8eb42d56 -> 
  custom:audio-encoder-webm-vorbis: bf7c407c2cedff20999df2af8eb42d56 -> 
========================================================================
Received Prepare
Registering precompiled user dll's ...
Registered in 0.006605 seconds.
Begin MonoManager ReloadAssembly
Native extension for WindowsStandalone target not found
Refreshing native plugins compatible for Editor in 0.48 ms, found 3 plugins.
Preloading 0 native plugins for Editor in 0.00 ms.
Mono: successfully reloaded assembly
- Completed reload, in  1.185 seconds
Domain Reload Profiling:
	ReloadAssembly (1186ms)
		BeginReloadAssembly (353ms)
			ExecutionOrderSort (0ms)
			DisableScriptedObjects (5ms)
			BackupInstance (0ms)
			ReleaseScriptingObjects (0ms)
			CreateAndSetChildDomain (29ms)
		EndReloadAssembly (778ms)
			LoadAssemblies (356ms)
			RebuildTransferFunctionScriptingTraits (0ms)
			SetupTypeCache (283ms)
			ReleaseScriptCaches (1ms)
			RebuildScriptCaches (36ms)
			SetupLoadedEditorAssemblies (271ms)
				LogAssemblyErrors (0ms)
				InitializePlatformSupportModulesInManaged (4ms)
				SetLoadedEditorAssemblies (1ms)
				RefreshPlugins (1ms)
				BeforeProcessingInitializeOnLoad (68ms)
				ProcessInitializeOnLoadAttributes (183ms)
				ProcessInitializeOnLoadMethodAttributes (6ms)
				AfterProcessingInitializeOnLoad (8ms)
				EditorAssembliesLoaded (0ms)
			ExecutionOrderSort2 (0ms)
			AwakeInstancesAfterBackupRestoration (10ms)
Platform modules already initialized, skipping
Refreshing native plugins compatible for Editor in 0.40 ms, found 3 plugins.
Preloading 0 native plugins for Editor in 0.00 ms.
Unloading 2084 Unused Serialized files (Serialized files now loaded: 0)
System memory in use before: 115.9 MB.
System memory in use after: 116.1 MB.

Unloading 14 unused Assets to reduce memory usage. Loaded Objects now: 2747.
Total: 3.260400 ms (FindLiveObjects: 0.208400 ms CreateObjectMapping: 0.200900 ms MarkObjects: 2.807800 ms  DeleteObjects: 0.042100 ms)

AssetImportParameters requested are different than current active one (requested -> active):
  custom:framework-win-MediaFoundation: 216162199b28c13a410421893ffa2e32 -> 
  custom:video-decoder-ogg-theora: a1e56fd34408186e4bbccfd4996cb3dc -> 
  custom:container-muxer-webm: aa71ff27fc2769a1b78a27578f13a17b -> 
  custom:container-demuxer-webm: 4f35f7cbe854078d1ac9338744f61a02 -> 
  custom:container-demuxer-ogg: 62fdf1f143b41e24485cea50d1cbac27 -> 
  custom:video-encoder-webm-vp8: eb34c28f22e8b96e1ab97ce403110664 -> 
  custom:video-decoder-webm-vp8: 9c59270c3fd7afecdb556c50c9e8de78 -> 
  custom:audio-decoder-ogg-vorbis: bf7c407c2cedff20999df2af8eb42d56 -> 
  custom:audio-encoder-webm-vorbis: bf7c407c2cedff20999df2af8eb42d56 -> 
========================================================================
Received Prepare
Registering precompiled user dll's ...
Registered in 0.006600 seconds.
Begin MonoManager ReloadAssembly
Native extension for WindowsStandalone target not found
Refreshing native plugins compatible for Editor in 0.39 ms, found 3 plugins.
Preloading 0 native plugins for Editor in 0.00 ms.
Mono: successfully reloaded assembly
- Completed reload, in  1.199 seconds
Domain Reload Profiling:
	ReloadAssembly (1199ms)
		BeginReloadAssembly (347ms)
			ExecutionOrderSort (0ms)
			DisableScriptedObjects (5ms)
			BackupInstance (0ms)
			ReleaseScriptingObjects (0ms)
			CreateAndSetChildDomain (31ms)
		EndReloadAssembly (796ms)
			LoadAssemblies (355ms)
			RebuildTransferFunctionScriptingTraits (0ms)
			SetupTypeCache (291ms)
			ReleaseScriptCaches (1ms)
			RebuildScriptCaches (37ms)
			SetupLoadedEditorAssemblies (270ms)
				LogAssemblyErrors (0ms)
				InitializePlatformSupportModulesInManaged (5ms)
				SetLoadedEditorAssemblies (0ms)
				RefreshPlugins (0ms)
				BeforeProcessingInitializeOnLoad (71ms)
				ProcessInitializeOnLoadAttributes (180ms)
				ProcessInitializeOnLoadMethodAttributes (6ms)
				AfterProcessingInitializeOnLoad (8ms)
				EditorAssembliesLoaded (0ms)
			ExecutionOrderSort2 (0ms)
			AwakeInstancesAfterBackupRestoration (12ms)
Platform modules already initialized, skipping
Refreshing native plugins compatible for Editor in 0.53 ms, found 3 plugins.
Preloading 0 native plugins for Editor in 0.00 ms.
Unloading 2084 Unused Serialized files (Serialized files now loaded: 0)
System memory in use before: 115.9 MB.
System memory in use after: 116.1 MB.

Unloading 14 unused Assets to reduce memory usage. Loaded Objects now: 2750.
Total: 3.339600 ms (FindLiveObjects: 0.260600 ms CreateObjectMapping: 0.093500 ms MarkObjects: 2.934800 ms  DeleteObjects: 0.049700 ms)

AssetImportParameters requested are different than current active one (requested -> active):
  custom:framework-win-MediaFoundation: 216162199b28c13a410421893ffa2e32 -> 
  custom:video-decoder-ogg-theora: a1e56fd34408186e4bbccfd4996cb3dc -> 
  custom:container-muxer-webm: aa71ff27fc2769a1b78a27578f13a17b -> 
  custom:container-demuxer-webm: 4f35f7cbe854078d1ac9338744f61a02 -> 
  custom:container-demuxer-ogg: 62fdf1f143b41e24485cea50d1cbac27 -> 
  custom:video-encoder-webm-vp8: eb34c28f22e8b96e1ab97ce403110664 -> 
  custom:video-decoder-webm-vp8: 9c59270c3fd7afecdb556c50c9e8de78 -> 
  custom:audio-decoder-ogg-vorbis: bf7c407c2cedff20999df2af8eb42d56 -> 
  custom:audio-encoder-webm-vorbis: bf7c407c2cedff20999df2af8eb42d56 -> 
========================================================================
Received Prepare
Registering precompiled user dll's ...
Registered in 0.006586 seconds.
Begin MonoManager ReloadAssembly
Native extension for WindowsStandalone target not found
Refreshing native plugins compatible for Editor in 0.40 ms, found 3 plugins.
Preloading 0 native plugins for Editor in 0.00 ms.
Mono: successfully reloaded assembly
- Completed reload, in  1.230 seconds
Domain Reload Profiling:
	ReloadAssembly (1230ms)
		BeginReloadAssembly (356ms)
			ExecutionOrderSort (0ms)
			DisableScriptedObjects (5ms)
			BackupInstance (0ms)
			ReleaseScriptingObjects (0ms)
			CreateAndSetChildDomain (28ms)
		EndReloadAssembly (819ms)
			LoadAssemblies (358ms)
			RebuildTransferFunctionScriptingTraits (0ms)
			SetupTypeCache (309ms)
			ReleaseScriptCaches (1ms)
			RebuildScriptCaches (36ms)
			SetupLoadedEditorAssemblies (284ms)
				LogAssemblyErrors (0ms)
				InitializePlatformSupportModulesInManaged (4ms)
				SetLoadedEditorAssemblies (1ms)
				RefreshPlugins (0ms)
				BeforeProcessingInitializeOnLoad (68ms)
				ProcessInitializeOnLoadAttributes (196ms)
				ProcessInitializeOnLoadMethodAttributes (6ms)
				AfterProcessingInitializeOnLoad (8ms)
				EditorAssembliesLoaded (0ms)
			ExecutionOrderSort2 (0ms)
			AwakeInstancesAfterBackupRestoration (11ms)
Platform modules already initialized, skipping
Refreshing native plugins compatible for Editor in 0.79 ms, found 3 plugins.
Preloading 0 native plugins for Editor in 0.00 ms.
Unloading 2084 Unused Serialized files (Serialized files now loaded: 0)
System memory in use before: 115.9 MB.
System memory in use after: 116.1 MB.

Unloading 14 unused Assets to reduce memory usage. Loaded Objects now: 2753.
Total: 4.017400 ms (FindLiveObjects: 0.282200 ms CreateObjectMapping: 0.098200 ms MarkObjects: 3.616100 ms  DeleteObjects: 0.018600 ms)

AssetImportParameters requested are different than current active one (requested -> active):
  custom:framework-win-MediaFoundation: 216162199b28c13a410421893ffa2e32 -> 
  custom:video-decoder-ogg-theora: a1e56fd34408186e4bbccfd4996cb3dc -> 
  custom:container-muxer-webm: aa71ff27fc2769a1b78a27578f13a17b -> 
  custom:container-demuxer-webm: 4f35f7cbe854078d1ac9338744f61a02 -> 
  custom:container-demuxer-ogg: 62fdf1f143b41e24485cea50d1cbac27 -> 
  custom:video-encoder-webm-vp8: eb34c28f22e8b96e1ab97ce403110664 -> 
  custom:video-decoder-webm-vp8: 9c59270c3fd7afecdb556c50c9e8de78 -> 
  custom:audio-decoder-ogg-vorbis: bf7c407c2cedff20999df2af8eb42d56 -> 
  custom:audio-encoder-webm-vorbis: bf7c407c2cedff20999df2af8eb42d56 -> 
========================================================================
Received Prepare
Registering precompiled user dll's ...
Registered in 0.006644 seconds.
Begin MonoManager ReloadAssembly
Native extension for WindowsStandalone target not found
Refreshing native plugins compatible for Editor in 0.40 ms, found 3 plugins.
Preloading 0 native plugins for Editor in 0.00 ms.
Mono: successfully reloaded assembly
- Completed reload, in  1.261 seconds
Domain Reload Profiling:
	ReloadAssembly (1262ms)
		BeginReloadAssembly (379ms)
			ExecutionOrderSort (0ms)
			DisableScriptedObjects (6ms)
			BackupInstance (0ms)
			ReleaseScriptingObjects (0ms)
			CreateAndSetChildDomain (30ms)
		EndReloadAssembly (819ms)
			LoadAssemblies (384ms)
			RebuildTransferFunctionScriptingTraits (0ms)
			SetupTypeCache (305ms)
			ReleaseScriptCaches (1ms)
			RebuildScriptCaches (38ms)
			SetupLoadedEditorAssemblies (274ms)
				LogAssemblyErrors (0ms)
				InitializePlatformSupportModulesInManaged (5ms)
				SetLoadedEditorAssemblies (0ms)
				RefreshPlugins (0ms)
				BeforeProcessingInitializeOnLoad (72ms)
				ProcessInitializeOnLoadAttributes (182ms)
				ProcessInitializeOnLoadMethodAttributes (8ms)
				AfterProcessingInitializeOnLoad (7ms)
				EditorAssembliesLoaded (0ms)
			ExecutionOrderSort2 (0ms)
			AwakeInstancesAfterBackupRestoration (12ms)
Platform modules already initialized, skipping
Refreshing native plugins compatible for Editor in 0.45 ms, found 3 plugins.
Preloading 0 native plugins for Editor in 0.00 ms.
Unloading 2084 Unused Serialized files (Serialized files now loaded: 0)
System memory in use before: 115.9 MB.
System memory in use after: 116.1 MB.

Unloading 14 unused Assets to reduce memory usage. Loaded Objects now: 2756.
Total: 3.392200 ms (FindLiveObjects: 0.214400 ms CreateObjectMapping: 0.083200 ms MarkObjects: 3.045900 ms  DeleteObjects: 0.047500 ms)

AssetImportParameters requested are different than current active one (requested -> active):
  custom:framework-win-MediaFoundation: 216162199b28c13a410421893ffa2e32 -> 
  custom:video-decoder-ogg-theora: a1e56fd34408186e4bbccfd4996cb3dc -> 
  custom:container-muxer-webm: aa71ff27fc2769a1b78a27578f13a17b -> 
  custom:container-demuxer-webm: 4f35f7cbe854078d1ac9338744f61a02 -> 
  custom:container-demuxer-ogg: 62fdf1f143b41e24485cea50d1cbac27 -> 
  custom:video-encoder-webm-vp8: eb34c28f22e8b96e1ab97ce403110664 -> 
  custom:video-decoder-webm-vp8: 9c59270c3fd7afecdb556c50c9e8de78 -> 
  custom:audio-decoder-ogg-vorbis: bf7c407c2cedff20999df2af8eb42d56 -> 
  custom:audio-encoder-webm-vorbis: bf7c407c2cedff20999df2af8eb42d56 -> 
========================================================================
Received Prepare
Registering precompiled user dll's ...
Registered in 0.006660 seconds.
Begin MonoManager ReloadAssembly
Native extension for WindowsStandalone target not found
Refreshing native plugins compatible for Editor in 0.39 ms, found 3 plugins.
Preloading 0 native plugins for Editor in 0.00 ms.
Mono: successfully reloaded assembly
- Completed reload, in  1.184 seconds
Domain Reload Profiling:
	ReloadAssembly (1185ms)
		BeginReloadAssembly (344ms)
			ExecutionOrderSort (0ms)
			DisableScriptedObjects (5ms)
			BackupInstance (0ms)
			ReleaseScriptingObjects (0ms)
			CreateAndSetChildDomain (29ms)
		EndReloadAssembly (781ms)
			LoadAssemblies (347ms)
			RebuildTransferFunctionScriptingTraits (0ms)
			SetupTypeCache (290ms)
			ReleaseScriptCaches (1ms)
			RebuildScriptCaches (35ms)
			SetupLoadedEditorAssemblies (266ms)
				LogAssemblyErrors (0ms)
				InitializePlatformSupportModulesInManaged (4ms)
				SetLoadedEditorAssemblies (0ms)
				RefreshPlugins (0ms)
				BeforeProcessingInitializeOnLoad (69ms)
				ProcessInitializeOnLoadAttributes (179ms)
				ProcessInitializeOnLoadMethodAttributes (5ms)
				AfterProcessingInitializeOnLoad (7ms)
				EditorAssembliesLoaded (0ms)
			ExecutionOrderSort2 (0ms)
			AwakeInstancesAfterBackupRestoration (10ms)
Platform modules already initialized, skipping
Refreshing native plugins compatible for Editor in 0.49 ms, found 3 plugins.
Preloading 0 native plugins for Editor in 0.00 ms.
Unloading 2084 Unused Serialized files (Serialized files now loaded: 0)
System memory in use before: 115.9 MB.
System memory in use after: 116.2 MB.

Unloading 14 unused Assets to reduce memory usage. Loaded Objects now: 2759.
Total: 3.425400 ms (FindLiveObjects: 0.273400 ms CreateObjectMapping: 0.123900 ms MarkObjects: 2.972000 ms  DeleteObjects: 0.054400 ms)

AssetImportParameters requested are different than current active one (requested -> active):
  custom:framework-win-MediaFoundation: 216162199b28c13a410421893ffa2e32 -> 
  custom:video-decoder-ogg-theora: a1e56fd34408186e4bbccfd4996cb3dc -> 
  custom:container-muxer-webm: aa71ff27fc2769a1b78a27578f13a17b -> 
  custom:container-demuxer-webm: 4f35f7cbe854078d1ac9338744f61a02 -> 
  custom:container-demuxer-ogg: 62fdf1f143b41e24485cea50d1cbac27 -> 
  custom:video-encoder-webm-vp8: eb34c28f22e8b96e1ab97ce403110664 -> 
  custom:video-decoder-webm-vp8: 9c59270c3fd7afecdb556c50c9e8de78 -> 
  custom:audio-decoder-ogg-vorbis: bf7c407c2cedff20999df2af8eb42d56 -> 
  custom:audio-encoder-webm-vorbis: bf7c407c2cedff20999df2af8eb42d56 -> 
========================================================================
Received Prepare
Registering precompiled user dll's ...
Registered in 0.006448 seconds.
Begin MonoManager ReloadAssembly
Native extension for WindowsStandalone target not found
Refreshing native plugins compatible for Editor in 0.38 ms, found 3 plugins.
Preloading 0 native plugins for Editor in 0.00 ms.
Mono: successfully reloaded assembly
- Completed reload, in  1.107 seconds
Domain Reload Profiling:
	ReloadAssembly (1107ms)
		BeginReloadAssembly (307ms)
			ExecutionOrderSort (0ms)
			DisableScriptedObjects (6ms)
			BackupInstance (0ms)
			ReleaseScriptingObjects (0ms)
			CreateAndSetChildDomain (26ms)
		EndReloadAssembly (744ms)
			LoadAssemblies (308ms)
			RebuildTransferFunctionScriptingTraits (0ms)
			SetupTypeCache (276ms)
			ReleaseScriptCaches (1ms)
			RebuildScriptCaches (35ms)
			SetupLoadedEditorAssemblies (256ms)
				LogAssemblyErrors (0ms)
				InitializePlatformSupportModulesInManaged (4ms)
				SetLoadedEditorAssemblies (0ms)
				RefreshPlugins (0ms)
				BeforeProcessingInitializeOnLoad (70ms)
				ProcessInitializeOnLoadAttributes (169ms)
				ProcessInitializeOnLoadMethodAttributes (5ms)
				AfterProcessingInitializeOnLoad (7ms)
				EditorAssembliesLoaded (0ms)
			ExecutionOrderSort2 (0ms)
			AwakeInstancesAfterBackupRestoration (8ms)
Platform modules already initialized, skipping
Refreshing native plugins compatible for Editor in 0.38 ms, found 3 plugins.
Preloading 0 native plugins for Editor in 0.00 ms.
Unloading 2084 Unused Serialized files (Serialized files now loaded: 0)
System memory in use before: 116.0 MB.
System memory in use after: 116.2 MB.

Unloading 14 unused Assets to reduce memory usage. Loaded Objects now: 2762.
Total: 3.042100 ms (FindLiveObjects: 0.175700 ms CreateObjectMapping: 0.067100 ms MarkObjects: 2.785600 ms  DeleteObjects: 0.013100 ms)

AssetImportParameters requested are different than current active one (requested -> active):
  custom:framework-win-MediaFoundation: 216162199b28c13a410421893ffa2e32 -> 
  custom:video-decoder-ogg-theora: a1e56fd34408186e4bbccfd4996cb3dc -> 
  custom:container-muxer-webm: aa71ff27fc2769a1b78a27578f13a17b -> 
  custom:container-demuxer-webm: 4f35f7cbe854078d1ac9338744f61a02 -> 
  custom:container-demuxer-ogg: 62fdf1f143b41e24485cea50d1cbac27 -> 
  custom:video-encoder-webm-vp8: eb34c28f22e8b96e1ab97ce403110664 -> 
  custom:video-decoder-webm-vp8: 9c59270c3fd7afecdb556c50c9e8de78 -> 
  custom:audio-decoder-ogg-vorbis: bf7c407c2cedff20999df2af8eb42d56 -> 
  custom:audio-encoder-webm-vorbis: bf7c407c2cedff20999df2af8eb42d56 -> 
AssetImportWorkerClient::OnTransportError - code=2 error=End of file
